[2024-05-10 15:16:09,524: INFO: common: yaml file: config\config.yaml loaded successfully]
[2024-05-10 15:16:10,127: INFO: common: yaml file: params.yaml loaded successfully]
[2024-05-10 15:16:10,277: INFO: common: created directory at: artifacts]
[2024-05-10 15:16:10,326: INFO: common: created directory at: artifacts/data_ingestion]
[2024-05-10 15:16:10,493: INFO: 986331348: Downloading data from https://drive.google.com/file/d/1u4BANY_Bq7BOHH9zYKViq6SKcF61i37i/view?usp=sharing into file artifacts/data_ingestion/data.zip]
[2024-05-10 15:25:33,311: INFO: 986331348: Downloaded data from https://drive.google.com/file/d/1u4BANY_Bq7BOHH9zYKViq6SKcF61i37i/view?usp=sharing into file artifacts/data_ingestion/data.zip]
[2024-05-10 16:08:00,698: INFO: main: >>>>>> stage Data Ingestion stage started <<<<<<]
[2024-05-10 16:08:00,726: INFO: common: yaml file: config\config.yaml loaded successfully]
[2024-05-10 16:08:00,729: INFO: common: yaml file: params.yaml loaded successfully]
[2024-05-10 16:08:00,730: INFO: common: created directory at: artifacts]
[2024-05-10 16:08:00,748: INFO: common: created directory at: artifacts/data_ingestion]
[2024-05-10 16:08:00,749: INFO: data_ingestion: Downloading data from https://drive.google.com/file/d/1u4BANY_Bq7BOHH9zYKViq6SKcF61i37i/view?usp=sharing into file artifacts/data_ingestion/data.zip]
[2024-05-10 16:16:05,832: INFO: data_ingestion: Downloaded data from https://drive.google.com/file/d/1u4BANY_Bq7BOHH9zYKViq6SKcF61i37i/view?usp=sharing into file artifacts/data_ingestion/data.zip]
[2024-05-10 16:18:55,187: INFO: main: >>>>>> stage Data Ingestion stage completed <<<<<<

x==========x]
[2024-05-15 16:49:48,275: INFO: common: yaml file: config\config.yaml loaded successfully]
[2024-05-15 16:49:48,340: INFO: common: yaml file: params.yaml loaded successfully]
[2024-05-15 16:49:48,362: INFO: common: created directory at: artifacts]
[2024-05-15 16:55:10,440: INFO: common: yaml file: config\config.yaml loaded successfully]
[2024-05-15 16:55:10,448: INFO: common: yaml file: params.yaml loaded successfully]
[2024-05-15 16:55:10,454: INFO: common: created directory at: artifacts]
[2024-05-15 16:59:28,235: INFO: common: yaml file: config\config.yaml loaded successfully]
[2024-05-15 16:59:28,244: INFO: common: yaml file: params.yaml loaded successfully]
[2024-05-15 16:59:28,249: INFO: common: created directory at: artifacts]
[2024-05-15 17:00:47,976: INFO: common: yaml file: config\config.yaml loaded successfully]
[2024-05-15 17:00:47,984: INFO: common: yaml file: params.yaml loaded successfully]
[2024-05-15 17:00:47,990: INFO: common: created directory at: artifacts]
[2024-05-15 17:00:47,994: INFO: common: created directory at: artifacts/prepare_base_model]
[2024-05-22 11:35:07,060: INFO: common: yaml file: config\config.yaml loaded successfully]
[2024-05-22 11:35:07,093: INFO: common: yaml file: params.yaml loaded successfully]
[2024-05-22 11:35:07,098: INFO: common: created directory at: artifacts]
[2024-05-22 11:35:07,103: INFO: common: created directory at: artifacts/prepare_base_model]
[2024-05-22 11:38:26,272: INFO: common: yaml file: config\config.yaml loaded successfully]
[2024-05-22 11:38:26,277: INFO: common: yaml file: params.yaml loaded successfully]
[2024-05-22 11:38:26,280: INFO: common: created directory at: artifacts]
[2024-05-22 11:38:26,386: INFO: common: created directory at: artifacts/prepare_base_model]
[2024-05-22 11:41:37,783: INFO: common: yaml file: config\config.yaml loaded successfully]
[2024-05-22 11:41:37,805: INFO: common: yaml file: params.yaml loaded successfully]
[2024-05-22 11:41:37,882: INFO: common: created directory at: artifacts]
[2024-05-22 11:41:37,951: INFO: common: created directory at: artifacts/prepare_base_model]
[2024-05-22 11:42:05,729: WARNING: saving_utils: Compiled the loaded model, but the compiled metrics have yet to be built. `model.compile_metrics` will be empty until you train or evaluate the model.]
[2024-05-22 12:30:34,429: INFO: common: yaml file: config\config.yaml loaded successfully]
[2024-05-22 12:30:34,839: INFO: common: yaml file: params.yaml loaded successfully]
[2024-05-22 12:30:34,844: INFO: common: created directory at: artifacts]
[2024-05-22 12:30:34,850: INFO: common: created directory at: artifacts/prepare_base_model]
[2024-05-22 12:30:40,823: WARNING: saving_utils: Compiled the loaded model, but the compiled metrics have yet to be built. `model.compile_metrics` will be empty until you train or evaluate the model.]
[2024-05-22 12:31:10,817: INFO: common: yaml file: config\config.yaml loaded successfully]
[2024-05-22 12:31:10,824: INFO: common: yaml file: params.yaml loaded successfully]
[2024-05-22 12:31:10,827: INFO: common: created directory at: artifacts]
[2024-05-22 12:31:10,829: INFO: common: created directory at: artifacts/prepare_base_model]
[2024-05-22 12:31:12,131: WARNING: saving_utils: Compiled the loaded model, but the compiled metrics have yet to be built. `model.compile_metrics` will be empty until you train or evaluate the model.]
[2024-05-22 12:59:42,231: INFO: stage_02_prepare_base_model: >>>>>> stage Prepare Base Model started <<<<<<]
[2024-05-22 12:59:42,236: INFO: common: yaml file: config\config.yaml loaded successfully]
[2024-05-22 12:59:42,239: INFO: common: yaml file: params.yaml loaded successfully]
[2024-05-22 12:59:42,241: INFO: common: created directory at: artifacts]
[2024-05-22 12:59:42,242: INFO: common: created directory at: artifacts/prepare_base_model]
[2024-05-22 12:59:45,605: WARNING: saving_utils: Compiled the loaded model, but the compiled metrics have yet to be built. `model.compile_metrics` will be empty until you train or evaluate the model.]
[2024-05-22 12:59:46,138: INFO: stage_02_prepare_base_model: >>>>>> stage Prepare Base Model completed <<<<<<

x==========x]
[2024-05-22 14:26:03,444: INFO: main: >>>>>> stage Data Ingestion stage started <<<<<<]
[2024-05-22 14:26:03,494: INFO: common: yaml file: config\config.yaml loaded successfully]
[2024-05-22 14:26:03,521: INFO: common: yaml file: params.yaml loaded successfully]
[2024-05-22 14:26:03,522: INFO: common: created directory at: artifacts]
[2024-05-22 14:26:03,523: INFO: common: created directory at: artifacts/data_ingestion]
[2024-05-22 14:26:03,524: INFO: data_ingestion: Downloading data from https://drive.google.com/file/d/1u4BANY_Bq7BOHH9zYKViq6SKcF61i37i/view?usp=sharing into file artifacts/data_ingestion/data.zip]
[2024-05-22 14:39:43,485: INFO: data_ingestion: Downloaded data from https://drive.google.com/file/d/1u4BANY_Bq7BOHH9zYKViq6SKcF61i37i/view?usp=sharing into file artifacts/data_ingestion/data.zip]
[2024-05-22 14:42:38,004: INFO: main: >>>>>> stage Data Ingestion stage completed <<<<<<

x==========x]
[2024-05-22 14:42:38,005: INFO: main: >>>>>> stage Prepare Base Model Stage started <<<<<<]
[2024-05-22 14:42:38,014: INFO: common: yaml file: config\config.yaml loaded successfully]
[2024-05-22 14:42:38,020: INFO: common: yaml file: params.yaml loaded successfully]
[2024-05-22 14:42:38,021: INFO: common: created directory at: artifacts]
[2024-05-22 14:42:38,023: INFO: common: created directory at: artifacts/prepare_base_model]
[2024-05-22 14:42:46,285: WARNING: saving_utils: Compiled the loaded model, but the compiled metrics have yet to be built. `model.compile_metrics` will be empty until you train or evaluate the model.]
[2024-05-22 14:42:47,017: INFO: main: >>>>>> stage Prepare Base Model Stage completed <<<<<<

x==========x]
[2024-05-23 11:33:00,988: INFO: common: yaml file: config\config.yaml loaded successfully]
[2024-05-23 11:33:01,433: INFO: common: yaml file: params.yaml loaded successfully]
[2024-05-23 11:33:01,480: INFO: common: created directory at: artifacts]
[2024-05-23 11:33:01,484: INFO: common: created directory at: artifacts\training]
